TypeError: allocator undefined for TkValidateCommand::ValidateArgs
---< backtrace of Ruby side >-----
/Users/mark/.rubies/ruby-2.2.3/lib/ruby/2.2.0/tk/validation.rb:327:in `new'
/Users/mark/.rubies/ruby-2.2.3/lib/ruby/2.2.0/tk/validation.rb:327:in `block in _initialize_for_cb_class'
/Users/mark/.rubies/ruby-2.2.3/lib/ruby/2.2.0/tk.rb:1455:in `call'
/Users/mark/.rubies/ruby-2.2.3/lib/ruby/2.2.0/tk.rb:1455:in `eval_cmd'
/Users/mark/.rubies/ruby-2.2.3/lib/ruby/2.2.0/tk.rb:1455:in `cb_eval'
/Users/mark/.rubies/ruby-2.2.3/lib/ruby/2.2.0/tk.rb:1402:in `call'
/Users/mark/.rubies/ruby-2.2.3/lib/ruby/2.2.0/tk.rb:1606:in `block in callback'
/Users/mark/.rubies/ruby-2.2.3/lib/ruby/2.2.0/tk.rb:1605:in `catch'
/Users/mark/.rubies/ruby-2.2.3/lib/ruby/2.2.0/tk.rb:1605:in `callback'
/Users/mark/.rubies/ruby-2.2.3/lib/ruby/2.2.0/tk.rb:1878:in `mainloop'
/Users/mark/.rubies/ruby-2.2.3/lib/ruby/2.2.0/tk.rb:1878:in `mainloop'
/Users/mark/RubymineProjects/photo-renamer/rename.rb:48:in `<top (required)>'
-e:1:in `load'
-e:1:in `<main>'
---< backtrace of Tk side >-------
    invoked from within
"rb_out c00001 m m key .w00001 1 0 {} key "
	(in validation command executed by .w00001)